c:\users\computing\desktop\pool game-30.01.2023\pool game-30.01.2023\pool game v1.0@week2\pool game v1.0\debug\vc143.pdb
c:\users\computing\desktop\pool game-30.01.2023\pool game-30.01.2023\pool game v1.0@week2\pool game v1.0\debug\vc143.idb
c:\users\computing\desktop\pool game-30.01.2023\pool game-30.01.2023\pool game v1.0@week2\pool game v1.0\debug\pool game.obj
c:\users\computing\desktop\pool game-30.01.2023\pool game-30.01.2023\pool game v1.0@week2\pool game v1.0\debug\simulation.obj
c:\users\computing\desktop\pool game-30.01.2023\pool game-30.01.2023\pool game v1.0@week2\pool game v1.0\debug\stdafx.obj
c:\users\computing\desktop\pool game-30.01.2023\pool game-30.01.2023\pool game v1.0@week2\pool game v1.0\debug\nativecodeanalysis.read.1.tlog
c:\users\computing\desktop\pool game-30.01.2023\pool game-30.01.2023\pool game v1.0@week2\pool game v1.0\debug\vc142.idb
c:\users\computing\desktop\pool game-30.01.2023\pool game-30.01.2023\pool game v1.0@week2\pool game v1.0\debug\pool game.pdb
c:\users\computing\desktop\pool game-30.01.2023\pool game-30.01.2023\pool game v1.0@week2\pool game v1.0\debug\vc142.pdb
c:\users\computing\desktop\pool game-30.01.2023\pool game-30.01.2023\pool game v1.0@week2\pool game v1.0\debug\pool game.nativecodeanalysis.xml
c:\users\computing\desktop\pool game-30.01.2023\pool game-30.01.2023\pool game v1.0@week2\pool game v1.0\debug\simulation.nativecodeanalysis.xml
c:\users\computing\desktop\pool game-30.01.2023\pool game-30.01.2023\pool game v1.0@week2\pool game v1.0\debug\stdafx.nativecodeanalysis.xml
c:\users\computing\desktop\pool game-30.01.2023\pool game-30.01.2023\pool game v1.0@week2\pool game v1.0\debug\vc.nativecodeanalysis.all.xml
c:\users\computing\desktop\pool game-30.01.2023\pool game-30.01.2023\pool game v1.0@week2\pool game v1.0\debug\pool game.tlog\cl.command.1.tlog
c:\users\computing\desktop\pool game-30.01.2023\pool game-30.01.2023\pool game v1.0@week2\pool game v1.0\debug\pool game.tlog\cl.read.1.tlog
c:\users\computing\desktop\pool game-30.01.2023\pool game-30.01.2023\pool game v1.0@week2\pool game v1.0\debug\pool game.tlog\cl.write.1.tlog
c:\users\computing\desktop\pool game-30.01.2023\pool game-30.01.2023\pool game v1.0@week2\pool game v1.0\debug\pool game.tlog\link-cvtres.read.1.tlog
c:\users\computing\desktop\pool game-30.01.2023\pool game-30.01.2023\pool game v1.0@week2\pool game v1.0\debug\pool game.tlog\link-cvtres.write.1.tlog
c:\users\computing\desktop\pool game-30.01.2023\pool game-30.01.2023\pool game v1.0@week2\pool game v1.0\debug\pool game.tlog\link-rc.read.1.tlog
c:\users\computing\desktop\pool game-30.01.2023\pool game-30.01.2023\pool game v1.0@week2\pool game v1.0\debug\pool game.tlog\link-rc.write.1.tlog
c:\users\computing\desktop\pool game-30.01.2023\pool game-30.01.2023\pool game v1.0@week2\pool game v1.0\debug\pool game.tlog\link.10396-cvtres.read.1.tlog
c:\users\computing\desktop\pool game-30.01.2023\pool game-30.01.2023\pool game v1.0@week2\pool game v1.0\debug\pool game.tlog\link.10396-cvtres.write.1.tlog
c:\users\computing\desktop\pool game-30.01.2023\pool game-30.01.2023\pool game v1.0@week2\pool game v1.0\debug\pool game.tlog\link.10396-rc.read.1.tlog
c:\users\computing\desktop\pool game-30.01.2023\pool game-30.01.2023\pool game v1.0@week2\pool game v1.0\debug\pool game.tlog\link.10396-rc.write.1.tlog
c:\users\computing\desktop\pool game-30.01.2023\pool game-30.01.2023\pool game v1.0@week2\pool game v1.0\debug\pool game.tlog\link.10396.read.1.tlog
c:\users\computing\desktop\pool game-30.01.2023\pool game-30.01.2023\pool game v1.0@week2\pool game v1.0\debug\pool game.tlog\link.10396.write.1.tlog
c:\users\computing\desktop\pool game-30.01.2023\pool game-30.01.2023\pool game v1.0@week2\pool game v1.0\debug\pool game.tlog\link.command.1.tlog
c:\users\computing\desktop\pool game-30.01.2023\pool game-30.01.2023\pool game v1.0@week2\pool game v1.0\debug\pool game.tlog\link.read.1.tlog
c:\users\computing\desktop\pool game-30.01.2023\pool game-30.01.2023\pool game v1.0@week2\pool game v1.0\debug\pool game.tlog\link.write.1.tlog
